<?xml version="1.0" encoding="UTF-8"?>
<testng-results ignored="0" total="1" passed="1" failed="0" skipped="0">
  <reporter-output>
  </reporter-output>
  <suite started-at="2024-04-11T18:19:07 IST" name="Default suite" finished-at="2024-04-11T18:19:14 IST" duration-ms="6742">
    <groups>
    </groups>
    <test started-at="2024-04-11T18:19:07 IST" name="Default test" finished-at="2024-04-11T18:19:14 IST" duration-ms="6742">
      <class name="org.maya.RestAssuredTest.C9_E2E_Ecom">
        <test-method signature="TestEcom()[pri:0, instance:org.maya.RestAssuredTest.C9_E2E_Ecom@1e6a3214]" started-at="2024-04-11T18:19:08 IST" name="TestEcom" finished-at="2024-04-11T18:19:14 IST" duration-ms="6534" status="PASS">
          <reporter-output>
          </reporter-output>
        </test-method> <!-- TestEcom -->
      </class> <!-- org.maya.RestAssuredTest.C9_E2E_Ecom -->
    </test> <!-- Default test -->
  </suite> <!-- Default suite -->
</testng-results>
